<?xml version="1.0" encoding="UTF-8"?>
<!-- Generated by org.testng.reporters.JUnitXMLReporter -->
<testsuite ignored="0" hostname="Ankurs-Surface-3" failures="0" tests="7" name="Surefire test" time="49.914" errors="0" timestamp="2023-05-18T16:31:06 EDT">
  <testcase classname="test.BrowserTest" name="browserLaunchTest" time="7.487"/>
  <testcase classname="test.BrowserTest" name="browserLaunchTest" time="15.705"/>
  <testcase classname="test.BrowserTest" name="browserLaunchTest" time="7.683"/>
  <testcase classname="test.BrowserTest" name="browserLaunchTest" time="7.763"/>
  <testcase classname="test.BrowserTest" name="browserLaunchTest" time="8.103"/>
  <testcase classname="test.HomePageTest" name="titleTest" time="0.058"/>
  <testcase classname="test.HomePageTest" name="logoTest" time="0.546"/>
</testsuite> <!-- Surefire test -->
