<?xml version="1.0" encoding="UTF-8"?>
<!-- Generated by org.testng.reporters.JUnitXMLReporter -->
<testsuite ignored="0" hostname="Ankurs-Surface-3" failures="0" tests="5" name="Default test" time="30.122" errors="0" timestamp="2023-05-17T16:17:52 EDT">
  <testcase classname="test.BrowserTest" name="browserLaunchTest" time="5.946"/>
  <testcase classname="test.BrowserTest" name="browserLaunchTest" time="4.988"/>
  <testcase classname="test.BrowserTest" name="browserLaunchTest" time="5.091"/>
  <testcase classname="test.BrowserTest" name="browserLaunchTest" time="5.009"/>
  <testcase classname="test.BrowserTest" name="browserLaunchTest" time="5.118"/>
</testsuite> <!-- Default test -->
