<?xml version="1.0" encoding="UTF-8"?>
<testsuite xmlns:xsi="http://www.w3.org/2001/XMLSchema-instance" xsi:noNamespaceSchemaLocation="https://maven.apache.org/surefire/maven-surefire-plugin/xsd/surefire-test-report.xsd" name="TestSuite" time="63.585" tests="7" errors="0" skipped="0" failures="0">
  <properties>
[...]
</properties>
  <testcase name="browserLaunchTest" classname="test.BrowserTest" time="7.49"/>
  <testcase name="browserLaunchTest" classname="test.BrowserTest" time="15.697"/>
  <testcase name="browserLaunchTest" classname="test.BrowserTest" time="7.683"/>
  <testcase name="browserLaunchTest" classname="test.BrowserTest" time="7.763"/>
  <testcase name="browserLaunchTest" classname="test.BrowserTest" time="8.108"/>
  <testcase name="titleTest" classname="test.HomePageTest" time="0.058"/>
  <testcase name="logoTest" classname="test.HomePageTest" time="0.543"/>
</testsuite>