<?xml version="1.0" encoding="UTF-8"?>
<testng-results ignored="0" total="7" passed="7" failed="0" skipped="0">
  <reporter-output>
  </reporter-output>
  <suite started-at="2023-05-18T16:30:16 EDT" name="Surefire suite" finished-at="2023-05-18T16:31:06 EDT" duration-ms="49914">
    <groups>
    </groups>
    <test started-at="2023-05-18T16:30:16 EDT" name="Surefire test" finished-at="2023-05-18T16:31:06 EDT" duration-ms="49914">
      <class name="test.BrowserTest">
        <test-method signature="browserLaunchTest()[pri:0, instance:test.BrowserTest@2accdbb5]" started-at="2023-05-18T16:30:16 EDT" name="browserLaunchTest" finished-at="2023-05-18T16:30:23 EDT" duration-ms="7487" status="PASS">
          <reporter-output>
          </reporter-output>
        </test-method> <!-- browserLaunchTest -->
        <test-method signature="browserLaunchTest()[pri:0, instance:test.BrowserTest@2accdbb5]" started-at="2023-05-18T16:30:23 EDT" name="browserLaunchTest" finished-at="2023-05-18T16:30:39 EDT" duration-ms="15705" status="PASS">
          <reporter-output>
          </reporter-output>
        </test-method> <!-- browserLaunchTest -->
        <test-method signature="browserLaunchTest()[pri:0, instance:test.BrowserTest@2accdbb5]" started-at="2023-05-18T16:30:39 EDT" name="browserLaunchTest" finished-at="2023-05-18T16:30:47 EDT" duration-ms="7683" status="PASS">
          <reporter-output>
          </reporter-output>
        </test-method> <!-- browserLaunchTest -->
        <test-method signature="browserLaunchTest()[pri:0, instance:test.BrowserTest@2accdbb5]" started-at="2023-05-18T16:30:47 EDT" name="browserLaunchTest" finished-at="2023-05-18T16:30:55 EDT" duration-ms="7763" status="PASS">
          <reporter-output>
          </reporter-output>
        </test-method> <!-- browserLaunchTest -->
        <test-method signature="browserLaunchTest()[pri:0, instance:test.BrowserTest@2accdbb5]" started-at="2023-05-18T16:30:55 EDT" name="browserLaunchTest" finished-at="2023-05-18T16:31:03 EDT" duration-ms="8103" status="PASS">
          <reporter-output>
          </reporter-output>
        </test-method> <!-- browserLaunchTest -->
        <test-method is-config="true" signature="tearDown()[pri:0, instance:test.BrowserTest@2accdbb5]" started-at="2023-05-18T16:31:03 EDT" name="tearDown" finished-at="2023-05-18T16:31:06 EDT" duration-ms="2339" status="PASS">
          <reporter-output>
          </reporter-output>
        </test-method> <!-- tearDown -->
      </class> <!-- test.BrowserTest -->
      <class name="test.HomePageTest">
        <test-method signature="titleTest()[pri:1, instance:test.HomePageTest@7051777c]" started-at="2023-05-18T16:31:03 EDT" name="titleTest" finished-at="2023-05-18T16:31:03 EDT" duration-ms="58" status="PASS">
          <reporter-output>
          </reporter-output>
        </test-method> <!-- titleTest -->
        <test-method signature="logoTest()[pri:2, instance:test.HomePageTest@7051777c]" started-at="2023-05-18T16:31:03 EDT" name="logoTest" finished-at="2023-05-18T16:31:03 EDT" duration-ms="546" status="PASS">
          <reporter-output>
          </reporter-output>
        </test-method> <!-- logoTest -->
        <test-method is-config="true" signature="tearDown()[pri:0, instance:test.HomePageTest@7051777c]" started-at="2023-05-18T16:31:06 EDT" name="tearDown" finished-at="2023-05-18T16:31:06 EDT" duration-ms="0" status="PASS">
          <reporter-output>
          </reporter-output>
        </test-method> <!-- tearDown -->
      </class> <!-- test.HomePageTest -->
    </test> <!-- Surefire test -->
  </suite> <!-- Surefire suite -->
</testng-results>
