<?xml version="1.0" encoding="UTF-8"?>
<testsuite xmlns:xsi="http://www.w3.org/2001/XMLSchema-instance" xsi:noNamespaceSchemaLocation="https://maven.apache.org/surefire/maven-surefire-plugin/xsd/surefire-test-report.xsd" name="TestSuite" time="46.305" tests="8" errors="0" skipped="0" failures="3">
  <properties>
[...]
</properties>
  <testcase name="browserLaunchTest" classname="test.BrowserTest" time="9.915"/>
  <testcase name="browserLaunchTest" classname="test.BrowserTest" time="6.656"/>
  <testcase name="browserLaunchTest" classname="test.BrowserTest" time="6.951"/>
  <testcase name="browserLaunchTest" classname="test.BrowserTest" time="6.946"/>
  <testcase name="browserLaunchTest" classname="test.BrowserTest" time="7.335"/>
  <testcase name="logoTest" classname="test.HomePageTest" time="0.02">
    <failure message="Cannot invoke &quot;page.HomePage.homepage_logo()&quot; because &quot;this.hp&quot; is null" type="java.lang.NullPointerException">java.lang.NullPointerException: Cannot invoke "page.HomePage.homepage_logo()" because "this.hp" is null
	at test.HomePageTest.logoTest(HomePageTest.java:36)
</failure>
    <system-err><![CDATA[1684430366984	RemoteAgent	INFO	Perform WebSocket upgrade for incoming connection from 127.0.0.1:55397
1684430367008	CDP	WARN	Invalid browser preferences for CDP. Set "fission.webContentIsolationStrategy"to 0 and "fission.bfcacheInParent" to false before Firefox starts.
1684430367027	Marionette	INFO	Stopped listening on port 55364
[Child 7376, Main Thread] WARNING: JSWindowActorChild::SendRawMessage (Conduits, ConduitClosed) not sent: !CanSend() || !mManager || !mManager->CanSend(): file /builds/worker/checkouts/gecko/dom/ipc/jsactor/JSWindowActorChild.cpp:57
[Child 7376, Main Thread] WARNING: JSWindowActorChild::SendRawMessage (Conduits, ConduitClosed) not sent: !CanSend() || !mManager || !mManager->CanSend(): file /builds/worker/checkouts/gecko/dom/ipc/jsactor/JSWindowActorChild.cpp:57
[Child 7376, Main Thread] WARNING: JSWindowActorChild::SendRawMessage (Conduits, ConduitClosed) not sent: !CanSend() || !mManager || !mManager->CanSend(): file /builds/worker/checkouts/gecko/dom/ipc/jsactor/JSWindowActorChild.cpp:57
[Child 7376, Main Thread] WARNING: JSWindowActorChild::SendRawMessage (Conduits, ConduitClosed) not sent: !CanSend() || !mManager || !mManager->CanSend(): file /builds/worker/checkouts/gecko/dom/ipc/jsactor/JSWindowActorChild.cpp:57
[Child 7376, Main Thread] WARNING: JSWindowActorChild::SendRawMessage (Conduits, ConduitClosed) not sent: !CanSend() || !mManager || !mManager->CanSend(): file /builds/worker/checkouts/gecko/dom/ipc/jsactor/JSWindowActorChild.cpp:57
[Child 7376, Main Thread] WARNING: JSWindowActorChild::SendRawMessage (Conduits, ConduitClosed) not sent: !CanSend() || !mManager || !mManager->CanSend(): file /builds/worker/checkouts/gecko/dom/ipc/jsactor/JSWindowActorChild.cpp:57
[Child 7376, Main Thread] WARNING: JSWindowActorChild::SendRawMessage (Conduits, ConduitClosed) not sent: !CanSend() || !mManager || !mManager->CanSend(): file /builds/worker/checkouts/gecko/dom/ipc/jsactor/JSWindowActorChild.cpp:57
[Child 7376, Main Thread] WARNING: JSWindowActorChild::SendRawMessage (Conduits, ConduitClosed) not sent: !CanSend() || !mManager || !mManager->CanSend(): file /builds/worker/checkouts/gecko/dom/ipc/jsactor/JSWindowActorChild.cpp:57
Dynamically enable window occlusion 1
WARNING: A blocker encountered an error while we were waiting.
          Blocker:  Waiting for ping task
          Phase: TelemetryController: Waiting for pending ping activity
          State: (none)
WARNING: Error: Phase "profile-before-change" is finished, it is too late to register completion condition "OS.File: flush I/O queued before profileBeforeChange"
WARNING: addBlocker@resource://gre/modules/AsyncShutdown.sys.mjs:727:15
addBlocker@resource://gre/modules/AsyncShutdown.sys.mjs:523:26
addBlocker@resource://gre/modules/AsyncShutdown.sys.mjs:458:15
setupShutdown@resource://gre/modules/osfile/osfile_async_front.jsm:1548:28
@resource://gre/modules/osfile/osfile_async_front.jsm:1568:16
@resource://gre/modules/osfile.jsm:12:30
@resource://gre/modules/TelemetryStorage.sys.mjs:10:28
_checkPendingPings@resource://gre/modules/TelemetrySend.sys.mjs:859:17
setup@resource://gre/modules/TelemetrySend.sys.mjs:799:18
setup@resource://gre/modules/TelemetrySend.sys.mjs:237:30
setupTelemetry/this._delayedInitTask<@resource://gre/modules/TelemetryControllerParent.sys.mjs:824:36
observe@resource://gre/modules/AsyncShutdown.sys.mjs:576:16

console.error: "TelemetryScheduler.shutdown - Already shut down"
WARNING: A blocker encountered an error while we were waiting.
          Blocker:  Waiting for ping task
          Phase: TelemetryController: Waiting for pending ping activity
          State: (none)
WARNING: Error: Phase "profile-before-change" is finished, it is too late to register completion condition "OS.File: flush I/O queued before profileBeforeChange"
WARNING: addBlocker@resource://gre/modules/AsyncShutdown.sys.mjs:727:15
addBlocker@resource://gre/modules/AsyncShutdown.sys.mjs:523:26
addBlocker@resource://gre/modules/AsyncShutdown.sys.mjs:458:15
setupShutdown@resource://gre/modules/osfile/osfile_async_front.jsm:1548:28
@resource://gre/modules/osfile/osfile_async_front.jsm:1568:16
@resource://gre/modules/osfile.jsm:12:30
@resource://gre/modules/TelemetryStorage.sys.mjs:10:28
_checkPendingPings@resource://gre/modules/TelemetrySend.sys.mjs:859:17
setup@resource://gre/modules/TelemetrySend.sys.mjs:799:18
setup@resource://gre/modules/TelemetrySend.sys.mjs:237:30
setupTelemetry/this._delayedInitTask<@resource://gre/modules/TelemetryControllerParent.sys.mjs:824:36
observe@resource://gre/modules/AsyncShutdown.sys.mjs:576:16

WARNING: A blocker encountered an error while we were waiting.
          Blocker:  Waiting for ping task
          Phase: TelemetryController: Waiting for pending ping activity
          State: (none)
WARNING: Error: Phase "profile-before-change" is finished, it is too late to register completion condition "OS.File: flush I/O queued before profileBeforeChange"
WARNING: addBlocker@resource://gre/modules/AsyncShutdown.sys.mjs:727:15
addBlocker@resource://gre/modules/AsyncShutdown.sys.mjs:523:26
addBlocker@resource://gre/modules/AsyncShutdown.sys.mjs:458:15
setupShutdown@resource://gre/modules/osfile/osfile_async_front.jsm:1548:28
@resource://gre/modules/osfile/osfile_async_front.jsm:1568:16
@resource://gre/modules/osfile.jsm:12:30
@resource://gre/modules/TelemetryStorage.sys.mjs:10:28
_checkPendingPings@resource://gre/modules/TelemetrySend.sys.mjs:859:17
setup@resource://gre/modules/TelemetrySend.sys.mjs:799:18
setup@resource://gre/modules/TelemetrySend.sys.mjs:237:30
setupTelemetry/this._delayedInitTask<@resource://gre/moduJavaScles/TelemetryControriptlle error: resource://grerParent/modul.sys.mjs:824:36
observe@resourcee://gre/modules/AsyncShs/AsyncShutdown.sys.mjs, line 72utdow7:n.sys Error: Phase "prof.mjs:576:16

ile-before-WARNING: A blocker encountechange" is finished, itred a is too lan error while we wte to register completion conditeion "OS.File: fre waiting.
          Blocker: l Teush I/OlemetryC quontroller: shuttineued beg dfore profileBeforeChange"
oJavaSwcript error: resource://gren
          Phase: profile-bef/ore-modulchange-telemetry
          es/AsyncSState: Error getting state: Errorhutd: Phase "profile-before-change" is finishedown.sys.mjs, l, it is ine 72too late to r7: Error: Phaegister completion cse "prondition "OoS.File: flush I/O queued before profileBeforeChafile-before-nge"change" is finished, it is too la at addBlocker@te to register completion conditresoion "OS.File: flush I/O queued burce://gre/modules/AsyncShutdefore profiown.sys.mjs:727:15
addBlocker@rleBefesoreChange"
JavaSocripurce://gtre/modules/AsyncShutd error: resource:o/wn.sys.mjs:523:26
addBl/gre/modules/AsyncShutdown.ocker@resourcsys.mjs, linee 727: Error: Phase "profile-before-change" is finished, it is too l://gate to register completion conre/modules/AsyncShutdowdin.systion "OS.File:.mjs:458:15
setupShutdown@r flush I/O queued before profileBeforeChesource://gre/modules/osfile/osfaile_async_front.jsnge"
Jm:1548:28
avaS@recript errosource://gre/modules/osfile/osfile_async_front.jsm:1568:16
@resour: resourcrce://gre/modules/osfile.jsm:12:e://gre/modu30
@resoules/AsyncShutdown.sys.mjs, line rce:/7/gre/modules/Tele27: Error:metryStorage.s Phase "profile-beforeys.mjs:10:28-change" is finished, it is too late to registe
_checr comkPendingPings@resource://grpletion e/modcondition "Oules/TelemetrySend.sys.mjs:8S.Fil59:17e
setup@resource://gre/modules/Te: flush I/O queued blemetrySenefore profileBeforeChange"d.sys.
Javamjs:799:18
Script error: resource://gre/modsetuules/AsyncShutdown.sys.mjs, line 727: Error: Phase "profilep@reso-beforurce://gre/modules/Telemete-change" is finished, it is rySend.sys.mjs:237:30
setupTelemtoo etry/this._delayedlate to reInitTask<@resource://gre/modules/TelemetryContrgister completion condition "OS.FileollerParent.sys.mjs:824:36
obse: flush I/rO queued before profileBeforeChange"
Javve@resoaScript urce://gre/moerror: redusoles/urce://gre/modAsyncShutdownules/AsyncShutdo.sys.mjs:576:16

WARNINwn.sys.mjs, liG: Error: Phase "profile-before-cnehange" is finished, it is too late to registe r completion condition "OS.File: flush I/O queued be727: Error: Phase "profile-before-change" ifore profis finishedleBeforeChang, it is too late to register completion condition "OS.File: flush I/O queued before profileBeforeChange"
e"
WARNING: addBlocker@resource://gre/modules/AsyncShutdown.sys.mjs:727:15
addBlocker@resource://gre/modules/AsyncShutdown.sys.mjs:523:26
addBlocker@resource://gre/modules/AsyncShutdown.sys.mjs:458:15
setupShutdown@resource://gre/modules/osfile/osfile_async_front.jsm:1548:28
@resource://gre/modules/osfile/osfile_async_front.jsm:1568:16
@resource://gre/modules/osfile.jsm:12:30
@resource://gre/modules/TelemetryStorage.sys.mjs:10:28
_checkPendingPings@resource://gre/modules/TelemetrySend.sys.mjs:859:17
setup@resource://gre/modules/TelemetrySend.sys.mjs:799:18
setup@resource://gre/modules/TelemetrySend.sys.mjs:237:30
setupTelemetry/this._delayedInitTask<@resource://gre/modules/TelemetryControllerParent.sys.mjs:824:36
observe@resource://gre/modules/AsyncShutdown.sys.mjs:576:16

]]></system-err>
  </testcase>
  <testcase name="titleTest" classname="test.HomePageTest" time="0.001">
    <failure message="Cannot invoke &quot;page.HomePage.homepage_title()&quot; because &quot;this.hp&quot; is null" type="java.lang.NullPointerException">java.lang.NullPointerException: Cannot invoke "page.HomePage.homepage_title()" because "this.hp" is null
	at test.HomePageTest.titleTest(HomePageTest.java:29)
</failure>
  </testcase>
  <testcase name="afterClass" classname="test.HomePageTest" time="0.095">
    <failure message="Tried to run command without establishing a connection&#10;Build info: version: &apos;4.6.0&apos;, revision: &apos;79f1c02ae20&apos;&#10;System info: os.name: &apos;Windows 11&apos;, os.arch: &apos;amd64&apos;, os.version: &apos;10.0&apos;, java.version: &apos;17.0.5&apos;&#10;Driver info: org.openqa.selenium.firefox.FirefoxDriver&#10;Command: [5d087f75-3ad2-4463-86a0-37b9a854e147, quit {}]&#10;Capabilities {acceptInsecureCerts: true, browserName: firefox, browserVersion: 113.0, moz:accessibilityChecks: false, moz:buildID: 20230504192738, moz:debuggerAddress: 127.0.0.1:37143, moz:geckodriverVersion: 0.33.0, moz:headless: false, moz:platformVersion: 10.0, moz:processID: 1892, moz:profile: C:\Users\ankur\AppData\Loca..., moz:shutdownTimeout: 60000, moz:useNonSpecCompliantPointerOrigin: false, moz:webdriverClick: true, moz:windowless: false, pageLoadStrategy: normal, platformName: WINDOWS, proxy: Proxy(), se:cdp: ws://127.0.0.1:37143/devtoo..., se:cdpVersion: 85.0, setWindowRect: true, strictFileInteractability: false, timeouts: {implicit: 0, pageLoad: 300000, script: 30000}, unhandledPromptBehavior: dismiss and notify}&#10;Session ID: 5d087f75-3ad2-4463-86a0-37b9a854e147" type="org.openqa.selenium.NoSuchSessionException">org.openqa.selenium.NoSuchSessionException: 
Tried to run command without establishing a connection
Build info: version: '4.6.0', revision: '79f1c02ae20'
System info: os.name: 'Windows 11', os.arch: 'amd64', os.version: '10.0', java.version: '17.0.5'
Driver info: org.openqa.selenium.firefox.FirefoxDriver
Command: [5d087f75-3ad2-4463-86a0-37b9a854e147, quit {}]
Capabilities {acceptInsecureCerts: true, browserName: firefox, browserVersion: 113.0, moz:accessibilityChecks: false, moz:buildID: 20230504192738, moz:debuggerAddress: 127.0.0.1:37143, moz:geckodriverVersion: 0.33.0, moz:headless: false, moz:platformVersion: 10.0, moz:processID: 1892, moz:profile: C:\Users\ankur\AppData\Loca..., moz:shutdownTimeout: 60000, moz:useNonSpecCompliantPointerOrigin: false, moz:webdriverClick: true, moz:windowless: false, pageLoadStrategy: normal, platformName: WINDOWS, proxy: Proxy(), se:cdp: ws://127.0.0.1:37143/devtoo..., se:cdpVersion: 85.0, setWindowRect: true, strictFileInteractability: false, timeouts: {implicit: 0, pageLoad: 300000, script: 30000}, unhandledPromptBehavior: dismiss and notify}
Session ID: 5d087f75-3ad2-4463-86a0-37b9a854e147
</failure>
  </testcase>
</testsuite>