<?xml version="1.0" encoding="UTF-8"?>
<testng-results ignored="0" total="5" passed="5" failed="0" skipped="0">
  <reporter-output>
  </reporter-output>
  <suite started-at="2023-05-17T16:17:22 EDT" name="Default suite" finished-at="2023-05-17T16:17:52 EDT" duration-ms="30122">
    <groups>
    </groups>
    <test started-at="2023-05-17T16:17:22 EDT" name="Default test" finished-at="2023-05-17T16:17:52 EDT" duration-ms="30122">
      <class name="test.BrowserTest">
        <test-method signature="browserLaunchTest()[pri:0, instance:test.BrowserTest@20ccf40b]" started-at="2023-05-17T16:17:22 EDT" name="browserLaunchTest" finished-at="2023-05-17T16:17:28 EDT" duration-ms="5946" status="PASS">
          <reporter-output>
          </reporter-output>
        </test-method> <!-- browserLaunchTest -->
        <test-method is-config="true" signature="afterClass()[pri:0, instance:test.BrowserTest@20ccf40b]" started-at="2023-05-17T16:17:28 EDT" name="afterClass" finished-at="2023-05-17T16:17:29 EDT" duration-ms="821" status="PASS">
          <reporter-output>
          </reporter-output>
        </test-method> <!-- afterClass -->
        <test-method signature="browserLaunchTest()[pri:0, instance:test.BrowserTest@20ccf40b]" started-at="2023-05-17T16:17:29 EDT" name="browserLaunchTest" finished-at="2023-05-17T16:17:34 EDT" duration-ms="4988" status="PASS">
          <reporter-output>
          </reporter-output>
        </test-method> <!-- browserLaunchTest -->
        <test-method is-config="true" signature="afterClass()[pri:0, instance:test.BrowserTest@20ccf40b]" started-at="2023-05-17T16:17:34 EDT" name="afterClass" finished-at="2023-05-17T16:17:35 EDT" duration-ms="740" status="PASS">
          <reporter-output>
          </reporter-output>
        </test-method> <!-- afterClass -->
        <test-method signature="browserLaunchTest()[pri:0, instance:test.BrowserTest@20ccf40b]" started-at="2023-05-17T16:17:35 EDT" name="browserLaunchTest" finished-at="2023-05-17T16:17:40 EDT" duration-ms="5091" status="PASS">
          <reporter-output>
          </reporter-output>
        </test-method> <!-- browserLaunchTest -->
        <test-method is-config="true" signature="afterClass()[pri:0, instance:test.BrowserTest@20ccf40b]" started-at="2023-05-17T16:17:40 EDT" name="afterClass" finished-at="2023-05-17T16:17:40 EDT" duration-ms="839" status="PASS">
          <reporter-output>
          </reporter-output>
        </test-method> <!-- afterClass -->
        <test-method signature="browserLaunchTest()[pri:0, instance:test.BrowserTest@20ccf40b]" started-at="2023-05-17T16:17:40 EDT" name="browserLaunchTest" finished-at="2023-05-17T16:17:45 EDT" duration-ms="5009" status="PASS">
          <reporter-output>
          </reporter-output>
        </test-method> <!-- browserLaunchTest -->
        <test-method is-config="true" signature="afterClass()[pri:0, instance:test.BrowserTest@20ccf40b]" started-at="2023-05-17T16:17:45 EDT" name="afterClass" finished-at="2023-05-17T16:17:46 EDT" duration-ms="764" status="PASS">
          <reporter-output>
          </reporter-output>
        </test-method> <!-- afterClass -->
        <test-method signature="browserLaunchTest()[pri:0, instance:test.BrowserTest@20ccf40b]" started-at="2023-05-17T16:17:46 EDT" name="browserLaunchTest" finished-at="2023-05-17T16:17:51 EDT" duration-ms="5118" status="PASS">
          <reporter-output>
          </reporter-output>
        </test-method> <!-- browserLaunchTest -->
        <test-method is-config="true" signature="afterClass()[pri:0, instance:test.BrowserTest@20ccf40b]" started-at="2023-05-17T16:17:51 EDT" name="afterClass" finished-at="2023-05-17T16:17:52 EDT" duration-ms="763" status="PASS">
          <reporter-output>
          </reporter-output>
        </test-method> <!-- afterClass -->
      </class> <!-- test.BrowserTest -->
    </test> <!-- Default test -->
  </suite> <!-- Default suite -->
</testng-results>
