<?xml version="1.0" encoding="UTF-8"?>
<testng-results ignored="0" total="2" passed="2" failed="0" skipped="0">
  <reporter-output>
  </reporter-output>
  <suite started-at="2023-05-18T15:24:16 EDT" name="Default suite" finished-at="2023-05-18T15:24:18 EDT" duration-ms="2188">
    <groups>
    </groups>
    <test started-at="2023-05-18T15:24:16 EDT" name="Default test" finished-at="2023-05-18T15:24:18 EDT" duration-ms="2188">
      <class name="test.HomePageTest">
        <test-method is-config="true" signature="beforeClass()[pri:0, instance:test.HomePageTest@7c455e96]" started-at="2023-05-18T15:24:16 EDT" name="beforeClass" finished-at="2023-05-18T15:24:16 EDT" duration-ms="18" status="PASS">
          <reporter-output>
          </reporter-output>
        </test-method> <!-- beforeClass -->
        <test-method signature="titleTest()[pri:1, instance:test.HomePageTest@7c455e96]" started-at="2023-05-18T15:24:16 EDT" name="titleTest" finished-at="2023-05-18T15:24:16 EDT" duration-ms="40" status="PASS">
          <reporter-output>
          </reporter-output>
        </test-method> <!-- titleTest -->
        <test-method signature="logoTest()[pri:2, instance:test.HomePageTest@7c455e96]" started-at="2023-05-18T15:24:16 EDT" name="logoTest" finished-at="2023-05-18T15:24:16 EDT" duration-ms="118" status="PASS">
          <reporter-output>
          </reporter-output>
        </test-method> <!-- logoTest -->
        <test-method is-config="true" signature="afterClass()[pri:0, instance:test.HomePageTest@7c455e96]" started-at="2023-05-18T15:24:16 EDT" name="afterClass" finished-at="2023-05-18T15:24:18 EDT" duration-ms="1906" status="PASS">
          <reporter-output>
          </reporter-output>
        </test-method> <!-- afterClass -->
      </class> <!-- test.HomePageTest -->
    </test> <!-- Default test -->
  </suite> <!-- Default suite -->
</testng-results>
